<?xml version="1.0" encoding="UTF-8"?>
<testsuite xmlns:xsi="http://www.w3.org/2001/XMLSchema-instance" xsi:noNamespaceSchemaLocation="https://maven.apache.org/surefire/maven-surefire-plugin/xsd/surefire-test-report-3.0.xsd" version="3.0" name="com.futman.model.PlayerTest" time="0.015" tests="26" errors="0" skipped="0" failures="0">
  <properties>
[...]
</properties>
  <testcase name="test_getReactions" classname="com.futman.model.PlayerTest" time="0.001"/>
  <testcase name="test_getSeasonTackles" classname="com.futman.model.PlayerTest" time="0.0"/>
  <testcase name="test_getNickName" classname="com.futman.model.PlayerTest" time="0.0"/>
  <testcase name="test_isOnTeam" classname="com.futman.model.PlayerTest" time="0.0"/>
  <testcase name="test_getName" classname="com.futman.model.PlayerTest" time="0.001"/>
  <testcase name="test_getOverall" classname="com.futman.model.PlayerTest" time="0.0"/>
  <testcase name="test_getSeasonAssists" classname="com.futman.model.PlayerTest" time="0.0"/>
  <testcase name="test_getPosition" classname="com.futman.model.PlayerTest" time="0.0"/>
  <testcase name="test_getPassing" classname="com.futman.model.PlayerTest" time="0.0"/>
  <testcase name="test_getFirstName" classname="com.futman.model.PlayerTest" time="0.001"/>
  <testcase name="test_equals" classname="com.futman.model.PlayerTest" time="0.0"/>
  <testcase name="test_getDOB" classname="com.futman.model.PlayerTest" time="0.001"/>
  <testcase name="test_teamMethods" classname="com.futman.model.PlayerTest" time="0.0"/>
  <testcase name="test_getPositionEnum" classname="com.futman.model.PlayerTest" time="0.0"/>
  <testcase name="test_getSpeed" classname="com.futman.model.PlayerTest" time="0.0"/>
  <testcase name="test_getSeasonGoals" classname="com.futman.model.PlayerTest" time="0.001"/>
  <testcase name="test_isValid" classname="com.futman.model.PlayerTest" time="0.0"/>
  <testcase name="test_playerValue" classname="com.futman.model.PlayerTest" time="0.001"/>
  <testcase name="test_getSeasonSaves" classname="com.futman.model.PlayerTest" time="0.0"/>
  <testcase name="test_getLastName" classname="com.futman.model.PlayerTest" time="0.001"/>
  <testcase name="test_toString" classname="com.futman.model.PlayerTest" time="0.001"/>
  <testcase name="test_getTackling" classname="com.futman.model.PlayerTest" time="0.0"/>
  <testcase name="test_getBlocking" classname="com.futman.model.PlayerTest" time="0.0"/>
  <testcase name="test_addGoals" classname="com.futman.model.PlayerTest" time="0.0"/>
  <testcase name="test_getShooting" classname="com.futman.model.PlayerTest" time="0.0"/>
  <testcase name="test_getID" classname="com.futman.model.PlayerTest" time="0.001"/>
</testsuite>